[2016-11-13 18:13:28.148] [DEBUG] mainlog - Logging established.
[2016-11-13 18:13:28.171] [INFO] mainlog - Example app listening on port 3000!
[2016-11-13 18:14:00.182] [DEBUG] mainlog - running a task every minute......
[2016-11-13 18:14:41.895] [DEBUG] mainlog - Logging established.
[2016-11-13 18:14:41.915] [INFO] mainlog - Example app listening on port 3000!
[2016-11-13 18:15:00.919] [DEBUG] mainlog - NaN
[2016-11-13 18:15:13.851] [DEBUG] mainlog - Logging established.
[2016-11-13 18:15:13.872] [INFO] mainlog - Example app listening on port 3000!
[2016-11-13 18:16:20.263] [DEBUG] mainlog - Logging established.
[2016-11-13 18:16:20.283] [INFO] mainlog - Example app listening on port 3000!
[2016-11-13 18:17:00.304] [DEBUG] mainlog - running a task every minute...... 1479014220304
[2016-11-13 18:17:25.542] [DEBUG] mainlog - Logging established.
[2016-11-13 18:17:25.568] [INFO] mainlog - Example app listening on port 3000!
[2016-11-13 18:18:30.210] [DEBUG] mainlog - Logging established.
[2016-11-13 18:18:30.231] [INFO] mainlog - Example app listening on port 3000!
[2016-11-13 18:18:33.302] [DEBUG] mainlog - Logging established.
[2016-11-13 18:18:33.327] [INFO] mainlog - Example app listening on port 3000!
[2016-11-13 18:19:00.336] [DEBUG] mainlog - running a task every minute...... 2016-11-13T05:19:00.336Z
[2016-11-13 18:20:00.382] [DEBUG] mainlog - running a task every minute...... 2016-11-13T05:20:00.382Z
[2016-11-13 18:21:00.416] [DEBUG] mainlog - running a task every minute...... 2016-11-13T05:21:00.416Z
[2016-11-20 03:04:53.459] [DEBUG] mainlog - Logging established.
[2016-11-20 03:04:53.911] [INFO] mainlog - Example app listening on port 3000!
[2016-11-20 03:05:00.741] [DEBUG] mainlog - running a task every minute...... 2016-11-20T03:05:00.740Z
[2016-11-20 03:08:10.990] [DEBUG] mainlog - Logging established.
[2016-11-20 03:08:11.441] [INFO] mainlog - Example app listening on port 3000!
[2016-11-20 03:09:00.359] [DEBUG] mainlog - running a task every minute...... 2016-11-20T03:09:00.359Z
[2016-11-20 03:09:29.360] [INFO] mainlog - /GET
[2016-11-20 03:10:00.520] [DEBUG] mainlog - running a task every minute...... 2016-11-20T03:10:00.519Z
[2016-11-20 03:10:24.299] [INFO] mainlog - /GET
[2016-11-20 03:10:24.660] [INFO] mainlog - /GET
[2016-11-20 03:10:25.068] [INFO] mainlog - /GET
[2016-11-20 03:10:40.139] [INFO] mainlog - /GET
[2016-11-20 03:10:40.145] [DEBUG] mainlog - open1 called
[2016-11-20 03:11:00.649] [DEBUG] mainlog - running a task every minute...... 2016-11-20T03:11:00.649Z
[2016-11-20 03:11:09.005] [INFO] mainlog - /GET
[2016-11-20 03:11:09.013] [DEBUG] mainlog - close1 called
[2016-11-20 03:11:22.319] [INFO] mainlog - /GET
[2016-11-20 03:11:22.325] [DEBUG] mainlog - open1 called
[2016-11-20 03:11:38.906] [INFO] mainlog - /GET
[2016-11-20 03:11:38.912] [DEBUG] mainlog - close1 called
[2016-11-20 03:14:53.085] [DEBUG] mainlog - Logging established.
[2016-11-20 03:14:53.534] [INFO] mainlog - Example app listening on port 3000!
[2016-11-20 03:15:00.366] [DEBUG] mainlog - running a task every minute...... 2016-11-20T03:15:00.366Z
[2016-11-20 03:15:11.305] [INFO] mainlog - /GET
[2016-11-20 03:15:12.426] [INFO] mainlog - /GET
[2016-11-20 03:15:20.700] [INFO] mainlog - /GET
[2016-11-20 03:15:20.842] [INFO] mainlog - /GET
[2016-11-20 03:15:21.867] [INFO] mainlog - /GET
[2016-11-20 03:16:00.545] [DEBUG] mainlog - running a task every minute...... 2016-11-20T03:16:00.545Z
[2016-11-20 03:16:38.528] [INFO] mainlog - /GET
[2016-11-20 03:16:38.581] [DEBUG] mainlog - open1 called
[2016-11-20 03:16:38.771] [INFO] mainlog - /GET
[2016-11-20 03:16:39.444] [INFO] mainlog - /GET
[2016-11-20 03:19:19.526] [DEBUG] mainlog - Logging established.
[2016-11-20 03:19:19.981] [INFO] mainlog - Example app listening on port 3000!
[2016-11-20 03:19:29.363] [INFO] mainlog - /GET
[2016-11-20 03:19:29.383] [DEBUG] mainlog - open1 called
[2016-11-20 03:19:29.692] [INFO] mainlog - /GET
[2016-11-20 03:19:30.314] [INFO] mainlog - /GET
[2016-11-20 03:21:20.509] [DEBUG] mainlog - Logging established.
[2016-11-20 03:21:20.964] [INFO] mainlog - Example app listening on port 3000!
[2016-11-20 03:21:26.101] [INFO] mainlog - /GET
[2016-11-20 03:21:26.122] [DEBUG] mainlog - open1 called
[2016-11-20 03:21:26.519] [INFO] mainlog - /GET
[2016-11-20 03:21:27.191] [INFO] mainlog - /GET
[2016-11-20 03:21:51.563] [INFO] mainlog - /GET
[2016-11-20 03:21:51.572] [DEBUG] mainlog - close1 called
[2016-11-20 03:21:51.802] [INFO] mainlog - /GET
[2016-11-20 03:21:52.463] [INFO] mainlog - /GET
[2016-11-20 03:22:00.900] [DEBUG] mainlog - running a task every minute...... 2016-11-20T03:22:00.900Z
[2016-11-20 03:22:01.188] [INFO] mainlog - /GET
[2016-11-20 03:22:01.194] [DEBUG] mainlog - open1 called
[2016-11-20 03:22:01.289] [INFO] mainlog - /GET
[2016-11-20 03:22:01.604] [INFO] mainlog - /GET
[2016-11-20 03:23:46.704] [DEBUG] mainlog - Logging established.
[2016-11-20 03:23:47.153] [INFO] mainlog - Example app listening on port 3000!
[2016-11-20 03:23:50.897] [INFO] mainlog - /GET
[2016-11-20 03:23:50.916] [DEBUG] mainlog - open1 called
[2016-11-20 03:23:51.313] [INFO] mainlog - /GET
[2016-11-20 03:23:51.838] [INFO] mainlog - /GET
[2016-11-20 03:24:00.045] [DEBUG] mainlog - running a task every minute...... 2016-11-20T03:24:00.045Z
[2016-11-20 03:24:02.801] [INFO] mainlog - /GET
[2016-11-20 03:24:02.810] [DEBUG] mainlog - close1 called
[2016-11-20 03:24:02.942] [INFO] mainlog - /GET
[2016-11-20 03:24:03.351] [INFO] mainlog - /GET
[2016-11-20 03:26:08.436] [DEBUG] mainlog - Logging established.
[2016-11-20 03:26:08.884] [INFO] mainlog - Example app listening on port 3000!
[2016-11-20 03:26:15.076] [INFO] mainlog - /GET
[2016-11-20 03:26:15.095] [DEBUG] mainlog - close1 called
[2016-11-20 03:26:15.493] [INFO] mainlog - /GET
[2016-11-20 03:26:16.031] [INFO] mainlog - /GET
[2016-11-20 03:26:33.019] [INFO] mainlog - /GET
[2016-11-20 03:26:33.028] [DEBUG] mainlog - open1 called
[2016-11-20 03:26:33.164] [INFO] mainlog - /GET
[2016-11-20 03:26:33.884] [INFO] mainlog - /GET
[2016-11-20 03:26:41.970] [INFO] mainlog - /GET
[2016-11-20 03:26:41.976] [DEBUG] mainlog - close1 called
[2016-11-20 03:26:42.072] [INFO] mainlog - /GET
[2016-11-20 03:26:42.499] [INFO] mainlog - /GET
[2016-11-20 03:27:00.803] [DEBUG] mainlog - running a task every minute...... 2016-11-20T03:27:00.803Z
[2016-11-20 03:28:00.930] [DEBUG] mainlog - running a task every minute...... 2016-11-20T03:28:00.930Z
[2016-11-20 03:29:22.024] [DEBUG] mainlog - Logging established.
[2016-11-20 03:29:22.475] [INFO] mainlog - Example app listening on port 3000!
[2016-11-20 03:29:27.181] [INFO] mainlog - /GET
[2016-11-20 03:29:27.201] [DEBUG] mainlog - close2 called
[2016-11-20 03:29:28.100] [INFO] mainlog - /GET
[2016-11-20 03:29:38.769] [INFO] mainlog - /GET
[2016-11-20 03:29:38.777] [DEBUG] mainlog - close1 called
[2016-11-20 03:29:38.875] [INFO] mainlog - /GET
[2016-11-20 03:29:39.332] [INFO] mainlog - /GET
[2016-11-20 03:29:49.168] [INFO] mainlog - /GET
[2016-11-20 03:29:49.175] [DEBUG] mainlog - open1 called
[2016-11-20 03:29:49.265] [INFO] mainlog - /GET
[2016-11-20 03:29:49.674] [INFO] mainlog - /GET
[2016-11-20 03:29:53.104] [INFO] mainlog - /GET
[2016-11-20 03:29:53.110] [DEBUG] mainlog - open1 called
[2016-11-20 03:29:53.170] [INFO] mainlog - /GET
[2016-11-20 03:29:53.553] [INFO] mainlog - /GET
[2016-11-20 03:34:25.494] [DEBUG] mainlog - Logging established.
[2016-11-20 03:34:25.951] [INFO] mainlog - Example app listening on port 3000!
[2016-11-20 03:34:36.327] [INFO] mainlog - /GET
[2016-11-20 03:34:36.346] [DEBUG] mainlog - open1 called
[2016-11-20 03:34:36.748] [INFO] mainlog - /GET
[2016-11-20 03:34:37.407] [INFO] mainlog - /GET
[2016-11-20 03:34:53.132] [INFO] mainlog - /GET
[2016-11-20 03:34:53.141] [DEBUG] mainlog - open2 called
[2016-11-20 03:34:53.418] [INFO] mainlog - /GET
[2016-11-20 03:34:53.846] [INFO] mainlog - /GET
[2016-11-20 03:35:33.019] [DEBUG] mainlog - Logging established.
[2016-11-20 03:35:33.479] [INFO] mainlog - Example app listening on port 3000!
[2016-11-20 03:36:11.400] [DEBUG] mainlog - Logging established.
[2016-11-20 03:36:11.861] [INFO] mainlog - Example app listening on port 3000!
[2016-11-20 03:36:17.917] [INFO] mainlog - /GET
[2016-11-20 03:36:17.938] [DEBUG] mainlog - open2 called
[2016-11-20 03:36:18.251] [INFO] mainlog - /GET
[2016-11-20 03:36:18.843] [INFO] mainlog - /GET
[2016-11-20 03:37:58.651] [DEBUG] mainlog - Logging established.
[2016-11-20 03:37:59.103] [INFO] mainlog - Example app listening on port 3000!
[2016-11-20 03:38:00.923] [DEBUG] mainlog - running a task every minute...... 2016-11-20T03:38:00.923Z
[2016-11-20 03:38:05.628] [INFO] mainlog - /GET
[2016-11-20 03:38:05.649] [DEBUG] mainlog - open2 called
[2016-11-20 03:38:05.970] [INFO] mainlog - /GET
[2016-11-20 03:38:06.643] [INFO] mainlog - /GET
[2016-11-20 03:38:22.596] [INFO] mainlog - /GET
[2016-11-20 03:38:22.605] [DEBUG] mainlog - close1 called
[2016-11-20 03:38:22.698] [INFO] mainlog - /GET
[2016-11-20 03:38:23.107] [INFO] mainlog - /GET
[2016-11-20 03:38:29.363] [INFO] mainlog - /GET
[2016-11-20 03:38:29.370] [DEBUG] mainlog - close2 called
[2016-11-20 03:38:29.588] [INFO] mainlog - /GET
[2016-11-20 03:38:29.907] [INFO] mainlog - /GET
[2016-11-20 03:38:55.670] [INFO] mainlog - /GET
[2016-11-20 03:38:55.678] [DEBUG] mainlog - open1 called
[2016-11-20 03:38:55.885] [INFO] mainlog - /GET
[2016-11-20 03:38:56.391] [INFO] mainlog - /GET
[2016-11-20 03:39:00.105] [DEBUG] mainlog - running a task every minute...... 2016-11-20T03:39:00.105Z
[2016-11-20 03:39:02.121] [INFO] mainlog - /GET
[2016-11-20 03:39:02.128] [DEBUG] mainlog - open2 called
[2016-11-20 03:39:02.224] [INFO] mainlog - /GET
[2016-11-20 03:39:02.941] [INFO] mainlog - /GET
[2016-11-20 03:39:16.663] [INFO] mainlog - /GET
[2016-11-20 03:39:16.669] [DEBUG] mainlog - close1 called
[2016-11-20 03:39:17.072] [INFO] mainlog - /GET
[2016-11-20 03:39:17.584] [INFO] mainlog - /GET
[2016-11-20 03:39:18.131] [INFO] mainlog - /GET
[2016-11-20 03:39:18.137] [DEBUG] mainlog - close2 called
[2016-11-20 03:39:18.203] [INFO] mainlog - /GET
[2016-11-20 03:39:18.526] [INFO] mainlog - /GET
[2016-11-20 03:39:29.770] [INFO] mainlog - /GET
[2016-11-20 03:39:29.776] [DEBUG] mainlog - open1 called
[2016-11-20 03:39:29.985] [INFO] mainlog - /GET
[2016-11-20 03:39:30.487] [INFO] mainlog - /GET
[2016-11-20 03:39:32.744] [INFO] mainlog - /GET
[2016-11-20 03:39:32.750] [DEBUG] mainlog - open2 called
[2016-11-20 03:39:32.795] [INFO] mainlog - /GET
[2016-11-20 03:39:33.134] [INFO] mainlog - /GET
[2016-11-20 03:39:51.890] [INFO] mainlog - /GET
[2016-11-20 03:39:51.896] [DEBUG] mainlog - open2 called
[2016-11-20 03:39:51.991] [INFO] mainlog - /GET
[2016-11-20 03:39:52.605] [INFO] mainlog - /GET
[2016-11-20 03:39:56.189] [INFO] mainlog - /GET
[2016-11-20 03:39:56.195] [DEBUG] mainlog - open2 called
[2016-11-20 03:39:56.251] [INFO] mainlog - /GET
[2016-11-20 03:39:56.599] [INFO] mainlog - /GET
[2016-11-20 03:40:00.229] [DEBUG] mainlog - running a task every minute...... 2016-11-20T03:40:00.229Z
[2016-11-20 03:40:15.855] [INFO] mainlog - /GET
[2016-11-20 03:40:15.862] [DEBUG] mainlog - close2 called
[2016-11-20 03:40:16.055] [INFO] mainlog - /GET
[2016-11-20 03:40:16.670] [INFO] mainlog - /GET
[2016-11-20 03:40:28.463] [INFO] mainlog - /GET
[2016-11-20 03:40:28.469] [DEBUG] mainlog - close1 called
[2016-11-20 03:40:28.528] [INFO] mainlog - /GET
[2016-11-20 03:40:28.958] [INFO] mainlog - /GET
[2016-11-20 03:40:49.196] [DEBUG] mainlog - Logging established.
[2016-11-20 03:40:49.647] [INFO] mainlog - Example app listening on port 3000!
[2016-11-20 03:41:00.124] [INFO] mainlog - /GET
[2016-11-20 03:41:00.145] [DEBUG] mainlog - open2 called
[2016-11-20 03:41:00.483] [DEBUG] mainlog - running a task every minute...... 2016-11-20T03:41:00.483Z
[2016-11-20 03:41:00.542] [INFO] mainlog - /GET
[2016-11-20 03:41:01.112] [INFO] mainlog - /GET
[2016-11-20 03:41:10.991] [INFO] mainlog - /GET
[2016-11-20 03:41:11.000] [DEBUG] mainlog - open1 called
[2016-11-20 03:41:11.147] [INFO] mainlog - /GET
[2016-11-20 03:41:11.453] [INFO] mainlog - /GET
[2016-11-20 03:41:21.596] [INFO] mainlog - /GET
[2016-11-20 03:41:21.604] [DEBUG] mainlog - close1 called
[2016-11-20 03:41:21.694] [INFO] mainlog - /GET
[2016-11-20 03:41:22.001] [INFO] mainlog - /GET
[2016-11-20 03:41:30.295] [INFO] mainlog - /GET
[2016-11-20 03:41:30.302] [DEBUG] mainlog - close2 called
[2016-11-20 03:41:30.398] [INFO] mainlog - /GET
[2016-11-20 03:41:30.808] [INFO] mainlog - /GET
[2016-11-20 03:56:49.781] [DEBUG] mainlog - Logging established.
[2016-11-20 03:56:50.236] [INFO] mainlog - Watering app listening on port 3000!
[2016-11-20 03:56:57.670] [INFO] mainlog - /GET
[2016-11-20 03:56:58.793] [INFO] mainlog - /GET
[2016-11-20 03:57:00.072] [DEBUG] mainlog - running a task every minute...... 2016-11-20T03:57:00.071Z
[2016-11-20 03:57:03.165] [INFO] mainlog - /GET
[2016-11-20 03:57:03.176] [DEBUG] mainlog - close1 called
[2016-11-20 03:57:03.846] [INFO] mainlog - /GET
[2016-11-20 03:57:09.049] [INFO] mainlog - /GET
[2016-11-20 03:57:09.057] [DEBUG] mainlog - close2 called
[2016-11-20 03:57:09.616] [INFO] mainlog - /GET
[2016-11-20 03:57:16.068] [INFO] mainlog - /GET
[2016-11-20 03:57:16.075] [DEBUG] mainlog - open1 called
[2016-11-20 03:57:16.682] [INFO] mainlog - /GET
[2016-11-20 03:57:17.910] [INFO] mainlog - /GET
[2016-11-20 03:57:17.918] [DEBUG] mainlog - open2 called
[2016-11-20 03:57:18.340] [INFO] mainlog - /GET
[2016-11-20 03:57:22.006] [INFO] mainlog - /GET
[2016-11-20 03:57:22.013] [DEBUG] mainlog - close2 called
[2016-11-20 03:57:22.519] [INFO] mainlog - /GET
[2016-11-20 03:57:22.544] [INFO] mainlog - /GET
[2016-11-20 03:57:22.550] [DEBUG] mainlog - close1 called
[2016-11-20 03:57:23.031] [INFO] mainlog - /GET
[2016-11-20 03:57:53.853] [INFO] mainlog - /GET
[2016-11-20 03:57:54.672] [INFO] mainlog - /GET
[2016-11-20 03:57:57.798] [INFO] mainlog - /GET
[2016-11-20 03:57:58.257] [INFO] mainlog - /GET
[2016-11-20 03:58:00.186] [DEBUG] mainlog - running a task every minute...... 2016-11-20T03:58:00.186Z
[2016-11-20 03:58:01.395] [INFO] mainlog - /GET
[2016-11-20 03:58:02.620] [INFO] mainlog - /GET
[2016-11-20 03:58:03.010] [INFO] mainlog - /GET
[2016-11-20 03:59:00.336] [DEBUG] mainlog - running a task every minute...... 2016-11-20T03:59:00.336Z
[2016-11-20 04:00:00.468] [DEBUG] mainlog - running a task every minute...... 2016-11-20T04:00:00.468Z
[2016-11-20 04:01:00.599] [DEBUG] mainlog - running a task every minute...... 2016-11-20T04:01:00.599Z
[2016-11-20 04:02:00.730] [DEBUG] mainlog - running a task every minute...... 2016-11-20T04:02:00.729Z
[2016-11-20 04:03:00.860] [DEBUG] mainlog - running a task every minute...... 2016-11-20T04:03:00.859Z
[2016-11-20 04:04:00.991] [DEBUG] mainlog - running a task every minute...... 2016-11-20T04:04:00.991Z
[2016-11-20 04:04:26.248] [DEBUG] mainlog - Logging established.
[2016-11-20 04:04:26.703] [INFO] mainlog - Watering app listening on port 3000!
[2016-11-20 04:05:00.588] [DEBUG] mainlog - running a task every minute...... 2016-11-20T04:05:00.587Z
[2016-11-20 04:06:17.617] [DEBUG] mainlog - Logging established.
[2016-11-20 04:06:18.074] [INFO] mainlog - Watering app listening on port 3000!
[2016-11-20 04:07:00.976] [DEBUG] mainlog - running a task every minute...... 2016-11-20T04:07:00.976Z
[2016-11-20 04:08:02.844] [DEBUG] mainlog - Logging established.
[2016-11-20 04:08:03.300] [INFO] mainlog - Watering app listening on port 3000!
[2016-11-20 04:09:00.270] [DEBUG] mainlog - running a task every minute...... 2016-11-20T04:09:00.270Z
[2016-11-20 04:09:00.278] [DEBUG] mainlog -  valve.valve1State() : function valve1State(){
	return valve1State;
}
[2016-11-20 04:13:20.375] [DEBUG] mainlog - Logging established.
[2016-11-20 04:13:20.831] [INFO] mainlog - Watering app listening on port 3000!
[2016-11-20 04:13:32.387] [INFO] mainlog - /GET
[2016-11-20 04:13:33.524] [INFO] mainlog - /GET
[2016-11-20 04:14:00.789] [DEBUG] mainlog - running a task every minute...... 2016-11-20T04:14:00.788Z
[2016-11-20 04:14:00.796] [DEBUG] mainlog -  valve.valve1State() : function valve1State(){
	return valve1State;
}
[2016-11-20 04:14:05.328] [INFO] mainlog - /GET
[2016-11-20 04:14:05.337] [DEBUG] mainlog - close2 called
[2016-11-20 04:14:06.249] [INFO] mainlog - /GET
[2016-11-20 04:14:08.391] [INFO] mainlog - /GET
[2016-11-20 04:14:08.398] [DEBUG] mainlog - close2 called
[2016-11-20 04:14:08.813] [INFO] mainlog - /GET
[2016-11-20 04:14:09.625] [INFO] mainlog - /GET
[2016-11-20 04:14:09.632] [DEBUG] mainlog - open2 called
[2016-11-20 04:14:10.063] [INFO] mainlog - /GET
[2016-11-20 04:14:11.373] [INFO] mainlog - /GET
[2016-11-20 04:14:11.381] [DEBUG] mainlog - close1 called
[2016-11-20 04:14:11.798] [INFO] mainlog - /GET
[2016-11-20 04:14:12.722] [INFO] mainlog - /GET
[2016-11-20 04:14:12.730] [DEBUG] mainlog - open1 called
[2016-11-20 04:14:13.134] [INFO] mainlog - /GET
[2016-11-20 04:14:26.114] [INFO] mainlog - /GET
[2016-11-20 04:14:26.120] [DEBUG] mainlog - close1 called
[2016-11-20 04:14:26.524] [INFO] mainlog - /GET
[2016-11-20 04:16:24.328] [DEBUG] mainlog - Logging established.
[2016-11-20 04:16:24.778] [INFO] mainlog - Watering app listening on port 3000!
[2016-11-20 04:16:26.265] [INFO] mainlog - /GET
[2016-11-20 04:16:26.568] [INFO] mainlog - /GET
[2016-11-20 04:16:27.813] [INFO] mainlog - /GET
[2016-11-20 04:16:29.288] [INFO] mainlog - /GET
[2016-11-20 04:16:29.295] [DEBUG] mainlog - close1 called
[2016-11-20 04:16:29.748] [INFO] mainlog - /GET
[2016-11-20 04:16:31.506] [INFO] mainlog - /GET
[2016-11-20 04:16:31.513] [DEBUG] mainlog - close2 called
[2016-11-20 04:16:31.935] [INFO] mainlog - /GET
[2016-11-20 04:16:39.757] [INFO] mainlog - /GET
[2016-11-20 04:16:39.764] [DEBUG] mainlog - open1 called
[2016-11-20 04:16:40.200] [INFO] mainlog - /GET
[2016-11-20 04:16:40.361] [INFO] mainlog - /GET
[2016-11-20 04:16:40.368] [DEBUG] mainlog - open2 called
[2016-11-20 04:16:40.709] [INFO] mainlog - /GET
[2017-12-06 19:24:31.319] [DEBUG] mainlog - Logging established.
[2017-12-06 19:24:31.319] [DEBUG] mainlog - Data : {"time":"2017-12-06T06:24:31.319Z","action":"Valve 1 Closed"}
[2017-12-06 19:27:41.952] [DEBUG] mainlog - Logging established.
[2017-12-06 19:27:41.952] [DEBUG] mainlog - Data : {"time":"2017-12-06T06:27:41.952Z","formattedDate":"Wed Dec 06 2017 19:27:41","action":"Valve 1 Closed"}
[2017-12-06 21:32:37.738] [DEBUG] mainlog - Logging established.
[2017-12-06 21:32:37.738] [DEBUG] mainlog - Data : {"time":"2017-12-06T08:32:37.738Z","formattedDate":"Wed Dec 06 2017 21:32:37","action":"Valve 1 Closed"}
[2017-12-08 20:37:07.840] [DEBUG] mainlog - Logging established.
[2017-12-08 20:37:07.853] [ERROR] mainlog - USING FAKE VALVES
[2017-12-08 20:37:07.869] [INFO] mainlog - Watering app listening on port 8080!
[2017-12-08 20:37:07.869] [INFO] mainlog - Closing Valves to ensure we are not loosing water !!
[2017-12-08 20:37:07.870] [DEBUG] mainlog - valve1Close() 
[2017-12-08 20:37:07.870] [DEBUG] mainlog - valve1Open()  state :CLOSED
[2017-12-08 20:37:07.871] [DEBUG] mainlog - valve2Close() 
[2017-12-08 20:37:07.872] [DEBUG] mainlog - valve2Open()  state :CLOSED
[2017-12-08 20:37:29.751] [INFO] mainlog - /GET
[2017-12-08 20:37:30.034] [INFO] mainlog - /GET
[2017-12-08 20:37:30.035] [DEBUG] mainlog - getvalvestatus called
[2017-12-08 20:37:30.556] [INFO] mainlog - /GET
[2017-12-08 20:37:38.547] [INFO] mainlog - /GET
[2017-12-08 20:37:38.722] [INFO] mainlog - /GET
[2017-12-08 20:37:38.723] [DEBUG] mainlog - getvalvestatus called
[2017-12-08 20:37:38.925] [INFO] mainlog - /GET
[2017-12-08 20:37:48.767] [INFO] mainlog - /GET
[2017-12-08 20:37:48.768] [DEBUG] mainlog - getvalvestatus called
[2017-12-08 20:37:50.508] [INFO] mainlog - /GET
[2017-12-08 20:37:58.846] [INFO] mainlog - /GET
[2017-12-08 20:37:58.848] [DEBUG] mainlog - getvalvestatus called
[2017-12-08 20:38:09.848] [INFO] mainlog - /GET
[2017-12-08 20:38:09.849] [DEBUG] mainlog - getvalvestatus called
[2017-12-08 20:38:20.845] [INFO] mainlog - /GET
[2017-12-08 20:38:20.846] [DEBUG] mainlog - getvalvestatus called
[2017-12-08 20:38:30.852] [INFO] mainlog - /GET
[2017-12-08 20:38:30.853] [DEBUG] mainlog - getvalvestatus called
[2017-12-08 20:38:40.867] [INFO] mainlog - /GET
[2017-12-08 20:38:40.869] [DEBUG] mainlog - getvalvestatus called
[2017-12-08 20:38:45.249] [INFO] mainlog - /GET
[2017-12-08 20:38:45.554] [INFO] mainlog - /GET
[2017-12-08 20:38:45.554] [DEBUG] mainlog - getvalvestatus called
[2017-12-08 20:38:45.995] [INFO] mainlog - /GET
[2017-12-08 20:38:55.687] [INFO] mainlog - /GET
[2017-12-08 20:38:55.692] [DEBUG] mainlog - getvalvestatus called
[2017-12-08 20:39:05.717] [INFO] mainlog - /GET
[2017-12-08 20:39:05.719] [DEBUG] mainlog - getvalvestatus called
[2017-12-08 20:39:15.849] [INFO] mainlog - /GET
[2017-12-08 20:39:15.850] [DEBUG] mainlog - getvalvestatus called
[2017-12-08 20:39:26.862] [INFO] mainlog - /GET
[2017-12-08 20:39:26.863] [DEBUG] mainlog - getvalvestatus called
[2017-12-08 20:39:37.848] [INFO] mainlog - /GET
[2017-12-08 20:39:37.849] [DEBUG] mainlog - getvalvestatus called
[2017-12-08 20:39:48.844] [INFO] mainlog - /GET
[2017-12-08 20:39:48.845] [DEBUG] mainlog - getvalvestatus called
[2017-12-08 20:39:59.650] [INFO] mainlog - /GET
[2017-12-08 20:39:59.657] [DEBUG] mainlog - getvalvestatus called
[2017-12-08 20:40:04.434] [INFO] mainlog - /GET
[2017-12-08 20:40:09.847] [INFO] mainlog - /GET
[2017-12-08 20:40:09.849] [DEBUG] mainlog - getvalvestatus called
[2017-12-08 20:40:10.568] [INFO] mainlog - /GET
[2017-12-08 20:40:20.850] [INFO] mainlog - /GET
[2017-12-08 20:40:20.855] [DEBUG] mainlog - getvalvestatus called
[2017-12-08 20:40:31.849] [INFO] mainlog - /GET
[2017-12-08 20:40:31.852] [DEBUG] mainlog - getvalvestatus called
[2017-12-08 20:40:42.846] [INFO] mainlog - /GET
[2017-12-08 20:40:42.847] [DEBUG] mainlog - getvalvestatus called
[2017-12-08 20:40:53.163] [INFO] mainlog - /GET
[2017-12-08 20:40:53.165] [DEBUG] mainlog - getvalvestatus called
[2017-12-08 20:41:03.849] [INFO] mainlog - /GET
[2017-12-08 20:41:03.852] [DEBUG] mainlog - getvalvestatus called
[2017-12-08 20:41:14.848] [INFO] mainlog - /GET
[2017-12-08 20:41:14.852] [DEBUG] mainlog - getvalvestatus called
[2017-12-08 20:41:25.851] [INFO] mainlog - /GET
[2017-12-08 20:41:25.853] [DEBUG] mainlog - getvalvestatus called
[2017-12-08 20:41:36.854] [INFO] mainlog - /GET
[2017-12-08 20:41:36.857] [DEBUG] mainlog - getvalvestatus called
[2017-12-08 20:41:47.851] [INFO] mainlog - /GET
[2017-12-08 20:41:47.853] [DEBUG] mainlog - getvalvestatus called
[2017-12-08 20:41:58.849] [INFO] mainlog - /GET
[2017-12-08 20:41:58.851] [DEBUG] mainlog - getvalvestatus called
[2017-12-08 20:42:09.852] [INFO] mainlog - /GET
[2017-12-08 20:42:09.854] [DEBUG] mainlog - getvalvestatus called
[2017-12-08 20:42:20.847] [INFO] mainlog - /GET
[2017-12-08 20:42:20.848] [DEBUG] mainlog - getvalvestatus called
[2017-12-08 20:42:31.849] [INFO] mainlog - /GET
[2017-12-08 20:42:31.851] [DEBUG] mainlog - getvalvestatus called
[2017-12-08 20:42:42.849] [INFO] mainlog - /GET
[2017-12-08 20:42:42.851] [DEBUG] mainlog - getvalvestatus called
[2017-12-08 20:42:53.850] [INFO] mainlog - /GET
[2017-12-08 20:42:53.851] [DEBUG] mainlog - getvalvestatus called
[2017-12-08 20:43:04.850] [INFO] mainlog - /GET
[2017-12-08 20:43:04.851] [DEBUG] mainlog - getvalvestatus called
[2017-12-08 20:43:15.850] [INFO] mainlog - /GET
[2017-12-08 20:43:15.851] [DEBUG] mainlog - getvalvestatus called
[2017-12-08 20:43:26.849] [INFO] mainlog - /GET
[2017-12-08 20:43:26.850] [DEBUG] mainlog - getvalvestatus called
[2017-12-08 20:43:37.847] [INFO] mainlog - /GET
[2017-12-08 20:43:37.849] [DEBUG] mainlog - getvalvestatus called
[2017-12-08 20:43:48.848] [INFO] mainlog - /GET
[2017-12-08 20:43:48.850] [DEBUG] mainlog - getvalvestatus called
[2017-12-08 20:43:59.848] [INFO] mainlog - /GET
[2017-12-08 20:43:59.850] [DEBUG] mainlog - getvalvestatus called
[2017-12-08 20:44:10.844] [INFO] mainlog - /GET
[2017-12-08 20:44:10.845] [DEBUG] mainlog - getvalvestatus called
[2017-12-08 20:44:21.843] [INFO] mainlog - /GET
[2017-12-08 20:44:21.845] [DEBUG] mainlog - getvalvestatus called
[2017-12-08 20:44:32.850] [INFO] mainlog - /GET
[2017-12-08 20:44:32.852] [DEBUG] mainlog - getvalvestatus called
[2017-12-08 20:44:43.845] [INFO] mainlog - /GET
[2017-12-08 20:44:43.845] [DEBUG] mainlog - getvalvestatus called
[2017-12-08 20:44:54.848] [INFO] mainlog - /GET
[2017-12-08 20:44:54.850] [DEBUG] mainlog - getvalvestatus called
[2017-12-08 20:45:05.849] [INFO] mainlog - /GET
[2017-12-08 20:45:05.850] [DEBUG] mainlog - getvalvestatus called
[2017-12-08 20:45:16.849] [INFO] mainlog - /GET
[2017-12-08 20:45:16.852] [DEBUG] mainlog - getvalvestatus called
[2017-12-08 20:45:27.848] [INFO] mainlog - /GET
[2017-12-08 20:45:27.850] [DEBUG] mainlog - getvalvestatus called
[2017-12-08 20:45:38.852] [INFO] mainlog - /GET
[2017-12-08 20:45:38.855] [DEBUG] mainlog - getvalvestatus called
[2017-12-08 20:45:49.851] [INFO] mainlog - /GET
[2017-12-08 20:45:49.853] [DEBUG] mainlog - getvalvestatus called
[2017-12-08 20:46:00.849] [INFO] mainlog - /GET
[2017-12-08 20:46:00.850] [DEBUG] mainlog - getvalvestatus called
[2017-12-08 20:46:11.848] [INFO] mainlog - /GET
[2017-12-08 20:46:11.850] [DEBUG] mainlog - getvalvestatus called
[2017-12-08 20:46:22.848] [INFO] mainlog - /GET
[2017-12-08 20:46:22.850] [DEBUG] mainlog - getvalvestatus called
[2017-12-08 20:46:33.849] [INFO] mainlog - /GET
[2017-12-08 20:46:33.851] [DEBUG] mainlog - getvalvestatus called
[2017-12-08 20:46:44.848] [INFO] mainlog - /GET
[2017-12-08 20:46:44.850] [DEBUG] mainlog - getvalvestatus called
[2017-12-08 20:46:55.844] [INFO] mainlog - /GET
[2017-12-08 20:46:55.845] [DEBUG] mainlog - getvalvestatus called
[2017-12-08 20:47:06.850] [INFO] mainlog - /GET
[2017-12-08 20:47:06.852] [DEBUG] mainlog - getvalvestatus called
[2017-12-08 20:47:17.845] [INFO] mainlog - /GET
[2017-12-08 20:47:17.845] [DEBUG] mainlog - getvalvestatus called
[2017-12-08 20:47:28.848] [INFO] mainlog - /GET
[2017-12-08 20:47:28.849] [DEBUG] mainlog - getvalvestatus called
[2017-12-08 20:47:39.848] [INFO] mainlog - /GET
[2017-12-08 20:47:39.849] [DEBUG] mainlog - getvalvestatus called
[2017-12-08 20:47:50.849] [INFO] mainlog - /GET
[2017-12-08 20:47:50.850] [DEBUG] mainlog - getvalvestatus called
[2017-12-08 20:48:01.851] [INFO] mainlog - /GET
[2017-12-08 20:48:01.854] [DEBUG] mainlog - getvalvestatus called
[2017-12-08 20:48:12.850] [INFO] mainlog - /GET
[2017-12-08 20:48:12.852] [DEBUG] mainlog - getvalvestatus called
[2017-12-08 20:48:23.851] [INFO] mainlog - /GET
[2017-12-08 20:48:23.853] [DEBUG] mainlog - getvalvestatus called
[2017-12-08 20:48:34.849] [INFO] mainlog - /GET
[2017-12-08 20:48:34.851] [DEBUG] mainlog - getvalvestatus called
[2017-12-08 20:48:45.849] [INFO] mainlog - /GET
[2017-12-08 20:48:45.850] [DEBUG] mainlog - getvalvestatus called
[2017-12-08 20:48:56.850] [INFO] mainlog - /GET
[2017-12-08 20:48:56.852] [DEBUG] mainlog - getvalvestatus called
[2017-12-08 20:49:07.851] [INFO] mainlog - /GET
[2017-12-08 20:49:07.855] [DEBUG] mainlog - getvalvestatus called
[2017-12-08 20:49:18.846] [INFO] mainlog - /GET
[2017-12-08 20:49:18.846] [DEBUG] mainlog - getvalvestatus called
[2017-12-08 20:49:29.851] [INFO] mainlog - /GET
[2017-12-08 20:49:29.853] [DEBUG] mainlog - getvalvestatus called
[2017-12-08 20:49:40.847] [INFO] mainlog - /GET
[2017-12-08 20:49:40.849] [DEBUG] mainlog - getvalvestatus called
[2017-12-08 20:49:51.849] [INFO] mainlog - /GET
[2017-12-08 20:49:51.852] [DEBUG] mainlog - getvalvestatus called
[2017-12-08 20:50:02.848] [INFO] mainlog - /GET
[2017-12-08 20:50:02.850] [DEBUG] mainlog - getvalvestatus called
[2017-12-08 20:50:13.848] [INFO] mainlog - /GET
[2017-12-08 20:50:13.850] [DEBUG] mainlog - getvalvestatus called
[2017-12-08 20:50:24.848] [INFO] mainlog - /GET
[2017-12-08 20:50:24.849] [DEBUG] mainlog - getvalvestatus called
[2017-12-08 20:50:35.849] [INFO] mainlog - /GET
[2017-12-08 20:50:35.850] [DEBUG] mainlog - getvalvestatus called
[2017-12-08 20:50:46.848] [INFO] mainlog - /GET
[2017-12-08 20:50:46.850] [DEBUG] mainlog - getvalvestatus called
[2017-12-08 20:50:57.850] [INFO] mainlog - /GET
[2017-12-08 20:50:57.851] [DEBUG] mainlog - getvalvestatus called
[2017-12-08 20:51:08.849] [INFO] mainlog - /GET
[2017-12-08 20:51:08.851] [DEBUG] mainlog - getvalvestatus called
[2017-12-08 20:51:19.849] [INFO] mainlog - /GET
[2017-12-08 20:51:19.851] [DEBUG] mainlog - getvalvestatus called
[2017-12-08 20:51:30.850] [INFO] mainlog - /GET
[2017-12-08 20:51:30.852] [DEBUG] mainlog - getvalvestatus called
[2017-12-08 20:51:41.849] [INFO] mainlog - /GET
[2017-12-08 20:51:41.851] [DEBUG] mainlog - getvalvestatus called
[2017-12-08 20:51:52.849] [INFO] mainlog - /GET
[2017-12-08 20:51:52.851] [DEBUG] mainlog - getvalvestatus called
[2017-12-08 20:52:03.848] [INFO] mainlog - /GET
[2017-12-08 20:52:03.850] [DEBUG] mainlog - getvalvestatus called
[2017-12-08 20:52:14.851] [INFO] mainlog - /GET
[2017-12-08 20:52:14.852] [DEBUG] mainlog - getvalvestatus called
[2017-12-08 20:52:25.850] [INFO] mainlog - /GET
[2017-12-08 20:52:25.852] [DEBUG] mainlog - getvalvestatus called
[2017-12-08 20:52:36.847] [INFO] mainlog - /GET
[2017-12-08 20:52:36.850] [DEBUG] mainlog - getvalvestatus called
[2017-12-08 20:52:47.850] [INFO] mainlog - /GET
[2017-12-08 20:52:47.852] [DEBUG] mainlog - getvalvestatus called
[2017-12-08 20:52:58.848] [INFO] mainlog - /GET
[2017-12-08 20:52:58.850] [DEBUG] mainlog - getvalvestatus called
[2017-12-08 20:53:09.853] [INFO] mainlog - /GET
[2017-12-08 20:53:09.855] [DEBUG] mainlog - getvalvestatus called
[2017-12-08 20:53:20.848] [INFO] mainlog - /GET
[2017-12-08 20:53:20.850] [DEBUG] mainlog - getvalvestatus called
[2017-12-08 20:53:31.848] [INFO] mainlog - /GET
[2017-12-08 20:53:31.850] [DEBUG] mainlog - getvalvestatus called
[2017-12-08 20:53:42.851] [INFO] mainlog - /GET
[2017-12-08 20:53:42.853] [DEBUG] mainlog - getvalvestatus called
[2017-12-08 20:53:53.848] [INFO] mainlog - /GET
[2017-12-08 20:53:53.850] [DEBUG] mainlog - getvalvestatus called
[2017-12-08 20:54:04.847] [INFO] mainlog - /GET
[2017-12-08 20:54:04.849] [DEBUG] mainlog - getvalvestatus called
[2017-12-08 20:54:15.849] [INFO] mainlog - /GET
[2017-12-08 20:54:15.850] [DEBUG] mainlog - getvalvestatus called
[2017-12-08 20:54:26.849] [INFO] mainlog - /GET
[2017-12-08 20:54:26.851] [DEBUG] mainlog - getvalvestatus called
[2017-12-08 20:54:37.849] [INFO] mainlog - /GET
[2017-12-08 20:54:37.851] [DEBUG] mainlog - getvalvestatus called
[2017-12-08 20:54:48.848] [INFO] mainlog - /GET
[2017-12-08 20:54:48.849] [DEBUG] mainlog - getvalvestatus called
[2017-12-08 20:54:59.850] [INFO] mainlog - /GET
[2017-12-08 20:54:59.851] [DEBUG] mainlog - getvalvestatus called
[2017-12-08 20:55:10.858] [INFO] mainlog - /GET
[2017-12-08 20:55:10.860] [DEBUG] mainlog - getvalvestatus called
[2017-12-08 20:55:21.851] [INFO] mainlog - /GET
[2017-12-08 20:55:21.853] [DEBUG] mainlog - getvalvestatus called
[2017-12-08 20:55:32.846] [INFO] mainlog - /GET
[2017-12-08 20:55:32.846] [DEBUG] mainlog - getvalvestatus called
[2017-12-08 20:55:43.844] [INFO] mainlog - /GET
[2017-12-08 20:55:43.845] [DEBUG] mainlog - getvalvestatus called
[2017-12-08 20:55:54.850] [INFO] mainlog - /GET
[2017-12-08 20:55:54.856] [DEBUG] mainlog - getvalvestatus called
[2017-12-08 20:56:05.851] [INFO] mainlog - /GET
[2017-12-08 20:56:05.852] [DEBUG] mainlog - getvalvestatus called
[2017-12-08 20:56:16.850] [INFO] mainlog - /GET
[2017-12-08 20:56:16.852] [DEBUG] mainlog - getvalvestatus called
[2017-12-08 20:56:23.417] [DEBUG] mainlog - Logging established.
[2017-12-08 20:56:23.423] [ERROR] mainlog - USING FAKE VALVES
[2017-12-08 20:56:23.436] [INFO] mainlog - Watering app listening on port 8080!
[2017-12-08 20:56:23.436] [INFO] mainlog - Closing Valves to ensure we are not loosing water !!
[2017-12-08 20:56:23.437] [DEBUG] mainlog - valve1Close() 
[2017-12-08 20:56:23.437] [DEBUG] mainlog - valve1Open()  state :CLOSED
[2017-12-08 20:56:23.438] [DEBUG] mainlog - valve2Close() 
[2017-12-08 20:56:23.438] [DEBUG] mainlog - valve2Open()  state :CLOSED
[2017-12-08 20:56:27.873] [INFO] mainlog - /GET
[2017-12-08 20:56:27.875] [DEBUG] mainlog - getvalvestatus called
[2017-12-08 20:56:38.852] [INFO] mainlog - /GET
[2017-12-08 20:56:38.854] [DEBUG] mainlog - getvalvestatus called
[2017-12-08 20:56:49.850] [INFO] mainlog - /GET
[2017-12-08 20:56:49.853] [DEBUG] mainlog - getvalvestatus called
[2017-12-08 20:57:00.849] [INFO] mainlog - /GET
[2017-12-08 20:57:00.851] [DEBUG] mainlog - getvalvestatus called
[2017-12-08 20:57:11.859] [INFO] mainlog - /GET
[2017-12-08 20:57:11.862] [DEBUG] mainlog - getvalvestatus called
[2017-12-08 20:57:22.849] [INFO] mainlog - /GET
[2017-12-08 20:57:22.851] [DEBUG] mainlog - getvalvestatus called
[2017-12-08 20:57:33.849] [INFO] mainlog - /GET
[2017-12-08 20:57:33.852] [DEBUG] mainlog - getvalvestatus called
[2017-12-08 20:57:44.849] [INFO] mainlog - /GET
[2017-12-08 20:57:44.851] [DEBUG] mainlog - getvalvestatus called
[2017-12-08 20:57:55.852] [INFO] mainlog - /GET
[2017-12-08 20:57:55.854] [DEBUG] mainlog - getvalvestatus called
[2017-12-08 20:58:06.849] [INFO] mainlog - /GET
[2017-12-08 20:58:06.852] [DEBUG] mainlog - getvalvestatus called
[2017-12-08 20:58:17.848] [INFO] mainlog - /GET
[2017-12-08 20:58:17.850] [DEBUG] mainlog - getvalvestatus called
[2017-12-08 20:58:28.848] [INFO] mainlog - /GET
[2017-12-08 20:58:28.850] [DEBUG] mainlog - getvalvestatus called
[2017-12-08 20:58:39.848] [INFO] mainlog - /GET
[2017-12-08 20:58:39.850] [DEBUG] mainlog - getvalvestatus called
[2017-12-08 20:58:50.849] [INFO] mainlog - /GET
[2017-12-08 20:58:50.851] [DEBUG] mainlog - getvalvestatus called
[2017-12-08 20:59:01.849] [INFO] mainlog - /GET
[2017-12-08 20:59:01.851] [DEBUG] mainlog - getvalvestatus called
[2017-12-08 20:59:12.851] [INFO] mainlog - /GET
[2017-12-08 20:59:12.853] [DEBUG] mainlog - getvalvestatus called
[2017-12-08 20:59:23.851] [INFO] mainlog - /GET
[2017-12-08 20:59:23.853] [DEBUG] mainlog - getvalvestatus called
[2017-12-08 20:59:34.845] [INFO] mainlog - /GET
[2017-12-08 20:59:34.846] [DEBUG] mainlog - getvalvestatus called
[2017-12-08 20:59:44.878] [INFO] mainlog - /GET
[2017-12-08 20:59:44.879] [DEBUG] mainlog - getvalvestatus called
[2017-12-08 21:04:18.425] [DEBUG] mainlog - Logging established.
[2017-12-08 21:04:18.435] [ERROR] mainlog - USING FAKE VALVES
[2017-12-08 21:04:18.452] [INFO] mainlog - Watering app listening on port 8080!
[2017-12-08 21:04:18.453] [INFO] mainlog - Closing Valves to ensure we are not loosing water !!
[2017-12-08 21:04:18.453] [DEBUG] mainlog - valve1Close() 
[2017-12-08 21:04:18.454] [DEBUG] mainlog - valve1Open()  state :CLOSED
[2017-12-08 21:04:18.456] [DEBUG] mainlog - valve2Close() 
[2017-12-08 21:04:18.457] [DEBUG] mainlog - valve2Open()  state :CLOSED
[2017-12-08 21:05:21.426] [DEBUG] mainlog - Logging established.
[2017-12-08 21:05:21.434] [ERROR] mainlog - USING FAKE VALVES
[2017-12-08 21:05:21.452] [INFO] mainlog - Watering app listening on port 8080!
[2017-12-08 21:05:21.453] [INFO] mainlog - Closing Valves to ensure we are not loosing water !!
[2017-12-08 21:05:21.453] [DEBUG] mainlog - valve1Close() 
[2017-12-08 21:05:21.454] [DEBUG] mainlog - valve1Open()  state :CLOSED
[2017-12-08 21:05:21.455] [DEBUG] mainlog - valve2Close() 
[2017-12-08 21:05:21.455] [DEBUG] mainlog - valve2Open()  state :CLOSED
[2017-12-08 21:05:33.090] [INFO] mainlog - /GET
[2017-12-08 21:05:33.657] [INFO] mainlog - /GET
[2017-12-08 21:05:39.956] [INFO] mainlog - /GET
[2017-12-08 21:05:40.529] [INFO] mainlog - /GET
[2017-12-08 21:05:41.075] [INFO] mainlog - /GET
[2017-12-08 21:05:41.606] [INFO] mainlog - /GET
[2017-12-08 21:06:02.438] [DEBUG] mainlog - Logging established.
[2017-12-08 21:06:02.446] [ERROR] mainlog - USING FAKE VALVES
[2017-12-08 21:06:02.464] [INFO] mainlog - Watering app listening on port 8080!
[2017-12-08 21:06:02.465] [INFO] mainlog - Closing Valves to ensure we are not loosing water !!
[2017-12-08 21:06:02.465] [DEBUG] mainlog - valve1Close() 
[2017-12-08 21:06:02.465] [DEBUG] mainlog - valve1Open()  state :CLOSED
[2017-12-08 21:06:02.466] [DEBUG] mainlog - valve2Close() 
[2017-12-08 21:06:02.467] [DEBUG] mainlog - valve2Open()  state :CLOSED
[2017-12-08 21:06:04.979] [INFO] mainlog - /GET
